生成启动时间为 2018/2/9 17:13:49。
     1>项目“D:\protobuf-2.4.1\vsprojects\libprotoc.vcxproj”在节点 2 上(Rebuild 个目标)。
     1>C:\Program Files (x86)\MSBuild\Microsoft.Cpp\v4.0\V120\Microsoft.CppBuild.targets(381,5): warning MSB8028: The intermediate directory (Debug\) contains files shared from another project (libprotobuf-lite.vcxproj, libprotobuf.vcxproj).  This can lead to incorrect clean and rebuild behavior.
     1>ClCompile:
         C:\Program Files (x86)\Microsoft Visual Studio 12.0\VC\bin\CL.exe /c /I../src /I. /ZI /nologo /W3 /WX- /Od /Oy- /D WIN32 /D _DEBUG /D _WINDOWS /D _USRDLL /D LIBPROTOC_EXPORTS /Gm /EHsc /RTC1 /MDd /GS /fp:precise /Zc:wchar_t /Zc:forScope /Fo"Debug\\" /Fd"Debug\vc120.pdb" /Gd /TP /analyze- /errorReport:prompt /wd4244 /wd4267 /wd4018 /wd4355 /wd4800 /wd4251 /wd4996 /wd4146 /wd4305 ..\src\google\protobuf\compiler\code_generator.cc ..\src\google\protobuf\compiler\command_line_interface.cc ..\src\google\protobuf\compiler\subprocess.cc ..\src\google\protobuf\compiler\zip_writer.cc ..\src\google\protobuf\compiler\plugin.cc ..\src\google\protobuf\compiler\plugin.pb.cc ..\src\google\protobuf\compiler\cpp\cpp_enum.cc ..\src\google\protobuf\compiler\cpp\cpp_enum_field.cc ..\src\google\protobuf\compiler\cpp\cpp_extension.cc ..\src\google\protobuf\compiler\cpp\cpp_field.cc ..\src\google\protobuf\compiler\cpp\cpp_file.cc ..\src\google\protobuf\compiler\cpp\cpp_generator.cc ..\src\google\protobuf\compiler\cpp\cpp_helpers.cc ..\src\google\protobuf\compiler\cpp\cpp_message.cc ..\src\google\protobuf\compiler\cpp\cpp_message_field.cc ..\src\google\protobuf\compiler\cpp\cpp_primitive_field.cc ..\src\google\protobuf\compiler\cpp\cpp_service.cc ..\src\google\protobuf\compiler\cpp\cpp_string_field.cc ..\src\google\protobuf\compiler\java\java_enum.cc ..\src\google\protobuf\compiler\java\java_enum_field.cc ..\src\google\protobuf\compiler\java\java_extension.cc ..\src\google\protobuf\compiler\java\java_field.cc ..\src\google\protobuf\compiler\java\java_file.cc ..\src\google\protobuf\compiler\java\java_generator.cc ..\src\google\protobuf\compiler\java\java_helpers.cc ..\src\google\protobuf\compiler\java\java_message.cc ..\src\google\protobuf\compiler\java\java_message_field.cc ..\src\google\protobuf\compiler\java\java_primitive_field.cc ..\src\google\protobuf\compiler\java\java_service.cc ..\src\google\protobuf\compiler\java\java_string_field.cc ..\src\google\protobuf\compiler\python\python_generator.cc
         python_generator.cc
         java_string_field.cc
         java_service.cc
         java_primitive_field.cc
         java_message_field.cc
         java_message.cc
         java_helpers.cc
         java_generator.cc
         java_file.cc
         java_field.cc
         java_extension.cc
         java_enum_field.cc
         java_enum.cc
         cpp_string_field.cc
         cpp_service.cc
         cpp_primitive_field.cc
         cpp_message_field.cc
         cpp_message.cc
         cpp_helpers.cc
         cpp_generator.cc
         正在生成代码...
         正在编译...
         cpp_file.cc
         cpp_field.cc
         cpp_extension.cc
         cpp_enum_field.cc
         cpp_enum.cc
         plugin.pb.cc
         plugin.cc
         zip_writer.cc
         subprocess.cc
         command_line_interface.cc
     1>d:\protobuf-2.4.1\src\google\protobuf\compiler\command_line_interface.cc(913): error C2664: “std::pair<std::string,std::string> std::make_pair<std::string,std::string>(_Ty1 &&,_Ty2 &&)”: 无法将参数 1 从“std::string”转换为“std::string &&”
                 with
                 [
                     _Ty1=std::string
         ,            _Ty2=std::string
                 ]
                 无法将左值绑定到右值引用
         code_generator.cc
         正在生成代码...
     1>已完成生成项目“D:\protobuf-2.4.1\vsprojects\libprotoc.vcxproj”(Rebuild 个目标)的操作 - 失败。

生成失败。

已用时间 00:00:16.68
